<?xml version="1.0" encoding="UTF-8"?>
<testng-results skipped="0" failed="0" ignored="0" total="1" passed="1">
  <reporter-output>
  </reporter-output>
  <suite name="Default suite" duration-ms="29918" started-at="2022-06-17T19:27:02 IST" finished-at="2022-06-17T19:27:32 IST">
    <groups>
    </groups>
    <test name="Default test" duration-ms="29918" started-at="2022-06-17T19:27:02 IST" finished-at="2022-06-17T19:27:32 IST">
      <class name="com.basic.selenium.JavaScriptExecutorTest">
        <test-method status="PASS" signature="highlight_element_check()[pri:0, instance:com.basic.selenium.JavaScriptExecutorTest@42f93a98]" name="highlight_element_check" duration-ms="29840" started-at="2022-06-17T19:27:02 IST" finished-at="2022-06-17T19:27:32 IST">
          <reporter-output>
          </reporter-output>
        </test-method> <!-- highlight_element_check -->
      </class> <!-- com.basic.selenium.JavaScriptExecutorTest -->
    </test> <!-- Default test -->
  </suite> <!-- Default suite -->
</testng-results>
